<?xml version="1.0" encoding="utf-8"?><testsuites name="pytest tests"><testsuite name="pytest" errors="0" failures="0" skipped="0" tests="24" time="12.258" timestamp="2026-04-14T20:42:07.695722+00:00" hostname="agent-env-5ff05673-06ee-4fff-acd9-cb0c8299471a"><testcase classname="tests.test_routine_app.TestAuth" name="test_login_success" time="0.560" /><testcase classname="tests.test_routine_app.TestAuth" name="test_login_invalid_credentials" time="0.378" /><testcase classname="tests.test_routine_app.TestAuth" name="test_register_new_user" time="0.379" /><testcase classname="tests.test_routine_app.TestAuth" name="test_register_duplicate_email" time="0.186" /><testcase classname="tests.test_routine_app.TestAuth" name="test_get_me_with_token" time="0.486" /><testcase classname="tests.test_routine_app.TestAuth" name="test_get_me_without_token" time="0.102" /><testcase classname="tests.test_routine_app.TestGoogleAuth" name="test_google_callback_endpoint_exists" time="0.850" /><testcase classname="tests.test_routine_app.TestGoogleAuth" name="test_google_callback_missing_session_id" time="0.149" /><testcase classname="tests.test_routine_app.TestGoogleAuth" name="test_email_password_login_still_works" time="0.409" /><testcase classname="tests.test_routine_app.TestRoutines" name="test_create_routine" time="0.605" /><testcase classname="tests.test_routine_app.TestRoutines" name="test_get_routines" time="0.457" /><testcase classname="tests.test_routine_app.TestRoutines" name="test_update_routine" time="0.749" /><testcase classname="tests.test_routine_app.TestRoutines" name="test_delete_routine" time="0.781" /><testcase classname="tests.test_routine_app.TestItems" name="test_create_item" time="0.559" /><testcase classname="tests.test_routine_app.TestItems" name="test_get_items" time="0.729" /><testcase classname="tests.test_routine_app.TestInstances" name="test_get_today_instances" time="0.724" /><testcase classname="tests.test_routine_app.TestInstances" name="test_toggle_instance" time="0.945" /><testcase classname="tests.test_routine_app.TestSettings" name="test_get_settings" time="0.494" /><testcase classname="tests.test_routine_app.TestSettings" name="test_update_settings" time="0.585" /><testcase classname="tests.test_routine_app.TestSettings" name="test_update_reminder_times" time="0.600" /><testcase classname="tests.test_routine_app.TestNotifications" name="test_register_push_token" time="0.477" /><testcase classname="tests.test_routine_app.TestNotifications" name="test_register_token_requires_auth" time="0.112" /><testcase classname="tests.test_routine_app.TestNotifications" name="test_send_test_notification" time="0.726" /><testcase classname="tests.test_routine_app.TestNotifications" name="test_test_notification_requires_auth" time="0.111" /></testsuite></testsuites>