<?xml version="1.0" encoding="utf-8"?><testsuites name="pytest tests"><testsuite name="pytest" errors="0" failures="0" skipped="0" tests="5" time="4.194" timestamp="2026-04-14T21:10:30.626589+00:00" hostname="agent-env-5ff05673-06ee-4fff-acd9-cb0c8299471a"><testcase classname="tests.test_today_date_param.TestTodayDateParameter" name="test_today_with_specific_date_param" time="1.032" /><testcase classname="tests.test_today_date_param.TestTodayDateParameter" name="test_today_without_date_param_uses_utc_fallback" time="0.756" /><testcase classname="tests.test_today_date_param.TestTodayDateParameter" name="test_today_with_different_date_generates_instances" time="0.865" /><testcase classname="tests.test_today_date_param.TestTodayDateParameter" name="test_today_date_param_format_validation" time="0.749" /><testcase classname="tests.test_today_date_param.TestTodayDateParameter" name="test_today_instances_structure" time="0.719" /></testsuite></testsuites>