<?xml version="1.0" encoding="utf-8"?><testsuites name="pytest tests"><testsuite name="pytest" errors="0" failures="0" skipped="0" tests="19" time="17.011" timestamp="2026-04-14T19:53:31.926653+00:00" hostname="agent-env-5ff05673-06ee-4fff-acd9-cb0c8299471a"><testcase classname="tests.test_routine_app.TestAuth" name="test_login_success" time="0.844" /><testcase classname="tests.test_routine_app.TestAuth" name="test_login_invalid_credentials" time="0.603" /><testcase classname="tests.test_routine_app.TestAuth" name="test_register_new_user" time="0.595" /><testcase classname="tests.test_routine_app.TestAuth" name="test_register_duplicate_email" time="0.103" /><testcase classname="tests.test_routine_app.TestAuth" name="test_get_me_with_token" time="0.926" /><testcase classname="tests.test_routine_app.TestAuth" name="test_get_me_without_token" time="0.224" /><testcase classname="tests.test_routine_app.TestGoogleAuth" name="test_google_callback_endpoint_exists" time="0.445" /><testcase classname="tests.test_routine_app.TestGoogleAuth" name="test_google_callback_missing_session_id" time="0.124" /><testcase classname="tests.test_routine_app.TestGoogleAuth" name="test_email_password_login_still_works" time="0.523" /><testcase classname="tests.test_routine_app.TestRoutines" name="test_create_routine" time="0.955" /><testcase classname="tests.test_routine_app.TestRoutines" name="test_get_routines" time="0.818" /><testcase classname="tests.test_routine_app.TestRoutines" name="test_update_routine" time="1.401" /><testcase classname="tests.test_routine_app.TestRoutines" name="test_delete_routine" time="1.196" /><testcase classname="tests.test_routine_app.TestItems" name="test_create_item" time="1.159" /><testcase classname="tests.test_routine_app.TestItems" name="test_get_items" time="1.173" /><testcase classname="tests.test_routine_app.TestInstances" name="test_get_today_instances" time="1.427" /><testcase classname="tests.test_routine_app.TestInstances" name="test_toggle_instance" time="2.224" /><testcase classname="tests.test_routine_app.TestSettings" name="test_get_settings" time="0.875" /><testcase classname="tests.test_routine_app.TestSettings" name="test_update_settings" time="1.138" /></testsuite></testsuites>